honourable senator , what happened this instance , on Tuesday answer 
something which is an m for determining qualified was done staple agreed 
yesterday I attended on the first meeting with that committee , as well as others . 
and am expected the such rise that his time was only capacity seems tell them what to do of senators oppositions agreed 
this right which I do not not strike so much to the present time . 
the members of the committee for determining qualified everywhere show some neutral agreed 
in all business which undertaking a senator within the next two years . 
it is a very such important as this one , , since in principle , then these novelty senator actually have such such composed certain senators agreed 
I will have to wonder am therefore brought to the sitting of a committee that yesterday to see that a on nine senator not attend agreed 
there had called a replacement agreed 
honourable senator , I was not name anybody . 
you see you to what point I add my nice , are would it not ? 
senators are will have to do their own findings in finding that had been fault . 
when an individual willing a job , it must the eyes of the achieve . 
women who make sit on the Senate where the Senate have proven agreed 
effects remplissaient their duty far better than the majority of people in the men in the Senate at all . 
i remember as search meetings is well occurred the eyes of the subcommittee is working on , such by the former families to the February 98 . 
Ni a Senate neither the House of Commons do not sitting in the time . 
three senators liberal saw to proceedings of the committee , everybody is a women . 
the leaders of a Senate were not able find an person and served in that committee . 
i can relate let quote , word by word so that the him senator Carstairs took answer the question I raised . 
I asked him : " Quels been the criteria are as follows ? '' 
she made said that it was the first to deal with the question of the representation by as women in a report agreed 
that she had framed in all parliamentary associations been ongoing since 1993 . 
Municipal delegations of the day stood formées only from men . 
in this regard , I remember that I was replaced by Senator Finestone for a number of years . 
must , I look still feel the forward in released into my association preferred agreed 
honourable Senate and i cannot say how lives when the House will be ruling in regard to these two reports . 
that whenever senators are are things that are verdict to say on TV agreed 
law wondered by a group of students , to offer congratulations to reporters or other agreed 
sure that opportunity we do ? 
it is true , and I will believe it is . 
must , that should be translated in effect agreed 
I do not believe not in the option agreed 
a given Senate accepts an colour in a committee , he or is she should participate for all the attend conferences therein . 
we have not any member of Parliament might the words in the corridors the 
phrase Présentez could you through committee present and , as someone worked out , after two years to study , it will a division bottom at committee . " 
they do not even know what they stood to considers and they are still breakfast a hold when their commissioners breakfast to them . 
they do not know no given what has been happening . 
honourable Senate and the little phrase " continuité " and " zeal re is the financed from our talk . 
for a during the two coming weeks and start to reflecting the way we will speak to the situation of the senator oppositions agreed 
unless we are the procedure we are not in touch , my remarks I créerai right internationally committee will parliamentarians who if they are interested in the world affairs . 
who would not we had strip agreed 
their own Honour the Acting Speaker ( Mr. McClelland ) : 
if no don him Senate is only wishes to speak , I think you is it the pleasure , as someone worked out , honourable Senate and to adopt the motions ? 
Mr. Daniel Turp : 
to differ . 
( motion deemed adopted and then the report is passed ) 
